<?xml version="1.0" encoding="utf-8"?><testsuites name="pytest tests"><testsuite name="pytest" errors="0" failures="1" skipped="0" tests="19" time="0.951" timestamp="2026-08-02T20:25:55.739636+00:00" hostname="agent-env-549959cb-9753-424c-86ce-08e3df29b77c"><testcase classname="backend.tests.test_decision_maps" name="test_health" time="0.067" /><testcase classname="backend.tests.test_decision_maps" name="test_create_decision_map_each_industry[finance]" time="0.007" /><testcase classname="backend.tests.test_decision_maps" name="test_create_decision_map_each_industry[legal]" time="0.047" /><testcase classname="backend.tests.test_decision_maps" name="test_create_decision_map_each_industry[manufacturing]" time="0.006" /><testcase classname="backend.tests.test_decision_maps" name="test_create_decision_map_each_industry[customer-support]" time="0.047" /><testcase classname="backend.tests.test_decision_maps" name="test_create_decision_map_each_industry[logistics]" time="0.006" /><testcase classname="backend.tests.test_decision_maps" name="test_create_decision_map_each_industry[ecommerce]" time="0.046" /><testcase classname="backend.tests.test_decision_maps" name="test_create_decision_map_each_industry[saas]" time="0.006" /><testcase classname="backend.tests.test_decision_maps" name="test_create_decision_map_each_industry[fashion]" time="0.046" /><testcase classname="backend.tests.test_decision_maps" name="test_get_decision_map_increments_views" time="0.104" /><testcase classname="backend.tests.test_decision_maps" name="test_get_unknown_id_returns_404" time="0.005" /><testcase classname="backend.tests.test_decision_maps" name="test_share_page_contains_social_preview" time="0.051" /><testcase classname="backend.tests.test_decision_maps" name="test_share_page_contains_absolute_metadata_and_redirect" time="0.052"><failure message="assert 'property=&quot;og:url&quot; content=&quot;https://agent-os-21.internal.preview.emergentagent.com/api/decision-maps/1C1FGZkj/share&quot;' in '&lt;!doctype html&gt;\n&lt;html lang=&quot;en&quot;&gt;&lt;head&gt;&lt;meta charset=&quot;utf-8&quot;&gt;\n&lt;title&gt;Finance decision map | Acoord&lt;/title&gt;\n&lt;meta name=&quot;description&quot; content=&quot;One decision, nine chapters. A cited risk decision before market open.&quot;&gt;\n&lt;meta property=&quot;og:title&quot; content=&quot;Finance decision map | Acoord&quot;&gt;\n&lt;meta property=&quot;og:description&quot; content=&quot;One decision, nine chapters. A cited risk decision before market open.&quot;&gt;\n&lt;meta property=&quot;og:type&quot; content=&quot;article&quot;&gt;\n&lt;meta property=&quot;og:url&quot; content=&quot;http://agent-os-21.internal.preview.emergentagent.com/api/decision-maps/1C1FGZkj/share&quot;&gt;\n&lt;meta property=&quot;og:image&quot; content=&quot;http://agent-os-21.internal.preview.emergentagent.com/api/decision-maps/1C1FGZkj/poster.png&quot;&gt;\n&lt;meta property=&quot;og:image:width&quot; content=&quot;1200&quot;&gt;&lt;meta property=&quot;og:image:height&quot; content=&quot;630&quot;&gt;\n&lt;meta name=&quot;twitter:card&quot; content=&quot;summary_large_image&quot;&gt;\n&lt;meta name=&quot;twitter:title&quot; content=&quot;Finance decision map | Acoord&quot;&gt;\n&lt;meta name=&quot;twitter:description&quot; content=&quot;One decision, nine chapters. A cited risk decision before market open.&quot;&gt;\n&lt;meta name=&quot;twitter:image&quot; content=&quot;http://agent-os-21.internal.preview.emergentagent.com/api/decision-maps/1C1FGZkj/poster.png&quot;&gt;\n&lt;link rel=&quot;canonical&quot; href=&quot;http://agent-os-21.internal.preview.emergentagent.com/map/1C1FGZkj&quot;&gt;\n&lt;meta http-equiv=&quot;refresh&quot; content=&quot;0;url=http://agent-os-21.internal.preview.emergentagent.com/map/1C1FGZkj&quot;&gt;\n&lt;/head&gt;&lt;body&gt;&lt;a href=&quot;http://agent-os-21.internal.preview.emergentagent.com/map/1C1FGZkj&quot;&gt;Open the Acoord decision map&lt;/a&gt;&lt;/body&gt;&lt;/html&gt;'">backend/tests/test_decision_maps.py:101: in test_share_page_contains_absolute_metadata_and_redirect
    assert f'property="og:url" content="{expected_share_url}"' in html
E   assert 'property="og:url" content="https://agent-os-21.internal.preview.emergentagent.com/api/decision-maps/1C1FGZkj/share"' in '&lt;!doctype html&gt;\n&lt;html lang="en"&gt;&lt;head&gt;&lt;meta charset="utf-8"&gt;\n&lt;title&gt;Finance decision map | Acoord&lt;/title&gt;\n&lt;meta name="description" content="One decision, nine chapters. A cited risk decision before market open."&gt;\n&lt;meta property="og:title" content="Finance decision map | Acoord"&gt;\n&lt;meta property="og:description" content="One decision, nine chapters. A cited risk decision before market open."&gt;\n&lt;meta property="og:type" content="article"&gt;\n&lt;meta property="og:url" content="http://agent-os-21.internal.preview.emergentagent.com/api/decision-maps/1C1FGZkj/share"&gt;\n&lt;meta property="og:image" content="http://agent-os-21.internal.preview.emergentagent.com/api/decision-maps/1C1FGZkj/poster.png"&gt;\n&lt;meta property="og:image:width" content="1200"&gt;&lt;meta property="og:image:height" content="630"&gt;\n&lt;meta name="twitter:card" content="summary_large_image"&gt;\n&lt;meta name="twitter:title" content="Finance decision map | Acoord"&gt;\n&lt;meta name="twitter:description" content="One decision, nine chapters. A cited risk decision before market open."&gt;\n&lt;meta name="twitter:image" content="http://agent-os-21.internal.preview.emergentagent.com/api/decision-maps/1C1FGZkj/poster.png"&gt;\n&lt;link rel="canonical" href="http://agent-os-21.internal.preview.emergentagent.com/map/1C1FGZkj"&gt;\n&lt;meta http-equiv="refresh" content="0;url=http://agent-os-21.internal.preview.emergentagent.com/map/1C1FGZkj"&gt;\n&lt;/head&gt;&lt;body&gt;&lt;a href="http://agent-os-21.internal.preview.emergentagent.com/map/1C1FGZkj"&gt;Open the Acoord decision map&lt;/a&gt;&lt;/body&gt;&lt;/html&gt;'</failure></testcase><testcase classname="backend.tests.test_decision_maps" name="test_poster_is_social_card_png" time="0.152" /><testcase classname="backend.tests.test_decision_maps" name="test_poster_dimensions_are_1200x630" time="0.099" /><testcase classname="backend.tests.test_decision_maps" name="test_share_and_poster_missing_map_return_404" time="0.051" /><testcase classname="backend.tests.test_decision_maps" name="test_invalid_industry_returns_422" time="0.005" /><testcase classname="backend.tests.test_decision_maps" name="test_missing_industry_returns_422" time="0.046" /><testcase classname="backend.tests.test_decision_maps" name="test_waitlist_regression" time="0.008" /></testsuite></testsuites>