<?xml version="1.0" encoding="utf-8"?><testsuites name="pytest tests"><testsuite name="pytest" errors="0" failures="0" skipped="0" tests="14" time="0.654" timestamp="2026-08-02T20:03:55.062214+00:00" hostname="agent-env-549959cb-9753-424c-86ce-08e3df29b77c"><testcase classname="backend.tests.test_decision_maps" name="test_health" time="0.109" /><testcase classname="backend.tests.test_decision_maps" name="test_create_decision_map_each_industry[finance]" time="0.011" /><testcase classname="backend.tests.test_decision_maps" name="test_create_decision_map_each_industry[legal]" time="0.047" /><testcase classname="backend.tests.test_decision_maps" name="test_create_decision_map_each_industry[manufacturing]" time="0.006" /><testcase classname="backend.tests.test_decision_maps" name="test_create_decision_map_each_industry[customer-support]" time="0.047" /><testcase classname="backend.tests.test_decision_maps" name="test_create_decision_map_each_industry[logistics]" time="0.006" /><testcase classname="backend.tests.test_decision_maps" name="test_create_decision_map_each_industry[ecommerce]" time="0.047" /><testcase classname="backend.tests.test_decision_maps" name="test_create_decision_map_each_industry[saas]" time="0.006" /><testcase classname="backend.tests.test_decision_maps" name="test_create_decision_map_each_industry[fashion]" time="0.047" /><testcase classname="backend.tests.test_decision_maps" name="test_get_decision_map_increments_views" time="0.102" /><testcase classname="backend.tests.test_decision_maps" name="test_get_unknown_id_returns_404" time="0.006" /><testcase classname="backend.tests.test_decision_maps" name="test_invalid_industry_returns_422" time="0.047" /><testcase classname="backend.tests.test_decision_maps" name="test_missing_industry_returns_422" time="0.005" /><testcase classname="backend.tests.test_decision_maps" name="test_waitlist_regression" time="0.054" /></testsuite></testsuites>