<?xml version="1.0" encoding="utf-8"?><testsuites name="pytest tests"><testsuite name="pytest" errors="0" failures="0" skipped="0" tests="27" time="1.530" timestamp="2026-08-24T13:22:34.413964+00:00" hostname="agent-env-549959cb-9753-424c-86ce-08e3df29b77c"><testcase classname="backend.tests.test_decision_maps" name="test_health" time="0.033" /><testcase classname="backend.tests.test_decision_maps" name="test_create_decision_map_each_industry[finance]" time="0.007" /><testcase classname="backend.tests.test_decision_maps" name="test_create_decision_map_each_industry[legal]" time="0.047" /><testcase classname="backend.tests.test_decision_maps" name="test_create_decision_map_each_industry[manufacturing]" time="0.046" /><testcase classname="backend.tests.test_decision_maps" name="test_create_decision_map_each_industry[customer-support]" time="0.006" /><testcase classname="backend.tests.test_decision_maps" name="test_create_decision_map_each_industry[logistics]" time="0.046" /><testcase classname="backend.tests.test_decision_maps" name="test_create_decision_map_each_industry[ecommerce]" time="0.047" /><testcase classname="backend.tests.test_decision_maps" name="test_create_decision_map_each_industry[saas]" time="0.046" /><testcase classname="backend.tests.test_decision_maps" name="test_create_decision_map_each_industry[fashion]" time="0.006" /><testcase classname="backend.tests.test_decision_maps" name="test_get_decision_map_increments_views" time="0.144" /><testcase classname="backend.tests.test_decision_maps" name="test_get_unknown_id_returns_404" time="0.046" /><testcase classname="backend.tests.test_decision_maps" name="test_share_page_contains_social_preview" time="0.055" /><testcase classname="backend.tests.test_decision_maps" name="test_share_page_contains_absolute_metadata_and_redirect" time="0.011" /><testcase classname="backend.tests.test_decision_maps" name="test_poster_is_social_card_png" time="0.145" /><testcase classname="backend.tests.test_decision_maps" name="test_poster_dimensions_are_1200x630" time="0.104" /><testcase classname="backend.tests.test_decision_maps" name="test_share_and_poster_missing_map_return_404" time="0.093" /><testcase classname="backend.tests.test_decision_maps" name="test_invalid_industry_returns_422" time="0.005" /><testcase classname="backend.tests.test_decision_maps" name="test_missing_industry_returns_422" time="0.046" /><testcase classname="backend.tests.test_decision_maps" name="test_waitlist_regression" time="0.048" /><testcase classname="backend.tests.test_waitlist_api" name="test_health_endpoint_ok" time="0.031" /><testcase classname="backend.tests.test_waitlist_api" name="test_waitlist_create_and_duplicate_idempotent" time="0.095" /><testcase classname="backend.tests.test_waitlist_api" name="test_waitlist_invalid_email_rejected" time="0.005" /><testcase classname="backend.tests.test_waitlist_api" name="test_waitlist_without_consent_rejected" time="0.045" /><testcase classname="backend.tests.test_waitlist_api" name="test_waitlist_referral_owner_friend_and_duplicate" time="0.152" /><testcase classname="backend.tests.test_waitlist_api" name="test_waitlist_invalid_referral_code_is_ignored" time="0.050" /><testcase classname="backend.tests.test_waitlist_api" name="test_newsletter_subscribe_and_duplicate_idempotent" time="0.054" /><testcase classname="backend.tests.test_waitlist_api" name="test_newsletter_without_consent_rejected" time="0.046" /></testsuite></testsuites>