<?xml version="1.0" encoding="utf-8"?><testsuites name="pytest tests"><testsuite name="pytest" errors="0" failures="0" skipped="0" tests="4" time="0.262" timestamp="2026-08-02T08:18:54.289456+00:00" hostname="agent-env-549959cb-9753-424c-86ce-08e3df29b77c"><testcase classname="backend.tests.test_waitlist_api" name="test_health_endpoint_ok" time="0.100" /><testcase classname="backend.tests.test_waitlist_api" name="test_waitlist_create_and_duplicate_idempotent" time="0.055" /><testcase classname="backend.tests.test_waitlist_api" name="test_waitlist_invalid_email_rejected" time="0.005" /><testcase classname="backend.tests.test_waitlist_api" name="test_waitlist_without_consent_rejected" time="0.047" /></testsuite></testsuites>