<?xml version="1.0" encoding="utf-8"?><testsuites name="pytest tests"><testsuite name="pytest" errors="0" failures="0" skipped="0" tests="6" time="0.264" timestamp="2026-08-02T20:25:45.393677+00:00" hostname="agent-env-549959cb-9753-424c-86ce-08e3df29b77c"><testcase classname="backend.tests.test_waitlist_api" name="test_health_endpoint_ok" time="0.031" /><testcase classname="backend.tests.test_waitlist_api" name="test_waitlist_create_and_duplicate_idempotent" time="0.053" /><testcase classname="backend.tests.test_waitlist_api" name="test_waitlist_invalid_email_rejected" time="0.008" /><testcase classname="backend.tests.test_waitlist_api" name="test_waitlist_without_consent_rejected" time="0.046" /><testcase classname="backend.tests.test_waitlist_api" name="test_newsletter_subscribe_and_duplicate_idempotent" time="0.065" /><testcase classname="backend.tests.test_waitlist_api" name="test_newsletter_without_consent_rejected" time="0.005" /></testsuite></testsuites>